<?xml version="1.0" encoding="UTF-8"?>
<coverage generated="1551032817660" clover="3.2.0">
  <project timestamp="1551032817661" name="All files">
    <metrics statements="52" coveredstatements="52" conditionals="23" coveredconditionals="23" methods="21" coveredmethods="21" elements="96" coveredelements="96" complexity="0" loc="52" ncloc="52" packages="1" files="1" classes="1"/>
    <file name="index.js" path="/Users/samhinton/code/samhinton88/redux-juice/index.js">
      <metrics statements="52" coveredstatements="52" conditionals="23" coveredconditionals="23" methods="21" coveredmethods="21"/>
      <line num="1" count="174" type="stmt"/>
      <line num="3" count="1" type="stmt"/>
      <line num="4" count="1" type="stmt"/>
      <line num="5" count="6" type="stmt"/>
      <line num="6" count="1" type="stmt"/>
      <line num="7" count="1" type="stmt"/>
      <line num="8" count="1" type="stmt"/>
      <line num="9" count="2" type="stmt"/>
      <line num="10" count="1" type="stmt"/>
      <line num="11" count="1" type="stmt"/>
      <line num="14" count="188" type="stmt"/>
      <line num="15" count="17" type="stmt"/>
      <line num="17" count="17" type="stmt"/>
      <line num="18" count="17" type="stmt"/>
      <line num="20" count="17" type="stmt"/>
      <line num="52" count="1" type="stmt"/>
      <line num="53" count="20" type="cond" truecount="2" falsecount="0"/>
      <line num="55" count="19" type="stmt"/>
      <line num="59" count="19" type="stmt"/>
      <line num="61" count="87" type="stmt"/>
      <line num="63" count="87" type="stmt"/>
      <line num="65" count="87" type="cond" truecount="2" falsecount="0"/>
      <line num="66" count="17" type="stmt"/>
      <line num="69" count="87" type="stmt"/>
      <line num="71" count="87" type="cond" truecount="2" falsecount="0"/>
      <line num="73" count="70" type="cond" truecount="2" falsecount="0"/>
      <line num="75" count="35" type="stmt"/>
      <line num="77" count="138" type="cond" truecount="2" falsecount="0"/>
      <line num="78" count="120" type="stmt"/>
      <line num="80" count="120" type="stmt"/>
      <line num="82" count="18" type="cond" truecount="2" falsecount="0"/>
      <line num="84" count="17" type="stmt"/>
      <line num="88" count="1" type="stmt"/>
      <line num="93" count="35" type="cond" truecount="2" falsecount="0"/>
      <line num="94" count="17" type="stmt"/>
      <line num="96" count="17" type="stmt"/>
      <line num="98" count="18" type="cond" truecount="2" falsecount="0"/>
      <line num="100" count="17" type="stmt"/>
      <line num="103" count="1" type="stmt"/>
      <line num="108" count="17" type="stmt"/>
      <line num="111" count="85" type="stmt"/>
      <line num="113" count="85" type="stmt"/>
      <line num="114" count="1" type="stmt"/>
      <line num="115" count="1" type="stmt"/>
      <line num="118" count="85" type="stmt"/>
      <line num="121" count="70" type="cond" truecount="3" falsecount="0"/>
      <line num="122" count="17" type="cond" truecount="1" falsecount="0"/>
      <line num="123" count="70" type="cond" truecount="3" falsecount="0"/>
      <line num="124" count="1" type="stmt"/>
      <line num="125" count="1" type="stmt"/>
      <line num="126" count="68" type="stmt"/>
      <line num="130" count="17" type="stmt"/>
    </file>
  </project>
</coverage>
