{"/Users/samhinton/code/samhinton88/redux-juice/index.js": {"path":"/Users/samhinton/code/samhinton88/redux-juice/index.js","statementMap":{"0":{"start":{"line":1,"column":15},"end":{"line":1,"column":45}},"1":{"start":{"line":1,"column":25},"end":{"line":1,"column":45}},"2":{"start":{"line":1,"column":32},"end":{"line":1,"column":45}},"3":{"start":{"line":3,"column":20},"end":{"line":12,"column":1}},"4":{"start":{"line":4,"column":25},"end":{"line":4,"column":38}},"5":{"start":{"line":5,"column":24},"end":{"line":5,"column":37}},"6":{"start":{"line":6,"column":30},"end":{"line":6,"column":81}},"7":{"start":{"line":7,"column":32},"end":{"line":7,"column":87}},"8":{"start":{"line":8,"column":32},"end":{"line":8,"column":82}},"9":{"start":{"line":9,"column":18},"end":{"line":9,"column":23}},"10":{"start":{"line":10,"column":20},"end":{"line":10,"column":27}},"11":{"start":{"line":11,"column":20},"end":{"line":11,"column":27}},"12":{"start":{"line":14,"column":20},"end":{"line":27,"column":1}},"13":{"start":{"line":14,"column":32},"end":{"line":27,"column":1}},"14":{"start":{"line":15,"column":31},"end":{"line":15,"column":45}},"15":{"start":{"line":17,"column":19},"end":{"line":17,"column":28}},"16":{"start":{"line":18,"column":15},"end":{"line":18,"column":27}},"17":{"start":{"line":20,"column":2},"end":{"line":26,"column":3}},"18":{"start":{"line":52,"column":0},"end":{"line":131,"column":2}},"19":{"start":{"line":53,"column":2},"end":{"line":53,"column":71}},"20":{"start":{"line":53,"column":15},"end":{"line":53,"column":71}},"21":{"start":{"line":55,"column":15},"end":{"line":55,"column":36}},"22":{"start":{"line":59,"column":19},"end":{"line":119,"column":8}},"23":{"start":{"line":61,"column":18},"end":{"line":61,"column":67}},"24":{"start":{"line":63,"column":17},"end":{"line":63,"column":29}},"25":{"start":{"line":65,"column":4},"end":{"line":67,"column":5}},"26":{"start":{"line":66,"column":6},"end":{"line":66,"column":25}},"27":{"start":{"line":69,"column":21},"end":{"line":69,"column":27}},"28":{"start":{"line":71,"column":4},"end":{"line":110,"column":5}},"29":{"start":{"line":73,"column":6},"end":{"line":105,"column":7}},"30":{"start":{"line":75,"column":8},"end":{"line":91,"column":10}},"31":{"start":{"line":77,"column":10},"end":{"line":90,"column":11}},"32":{"start":{"line":78,"column":37},"end":{"line":78,"column":51}},"33":{"start":{"line":80,"column":12},"end":{"line":80,"column":71}},"34":{"start":{"line":82,"column":17},"end":{"line":90,"column":11}},"35":{"start":{"line":84,"column":12},"end":{"line":84,"column":66}},"36":{"start":{"line":88,"column":12},"end":{"line":88,"column":59}},"37":{"start":{"line":93,"column":8},"end":{"line":104,"column":9}},"38":{"start":{"line":94,"column":35},"end":{"line":94,"column":52}},"39":{"start":{"line":96,"column":10},"end":{"line":96,"column":72}},"40":{"start":{"line":98,"column":15},"end":{"line":104,"column":9}},"41":{"start":{"line":100,"column":10},"end":{"line":100,"column":70}},"42":{"start":{"line":103,"column":10},"end":{"line":103,"column":60}},"43":{"start":{"line":108,"column":6},"end":{"line":108,"column":69}},"44":{"start":{"line":108,"column":59},"end":{"line":108,"column":62}},"45":{"start":{"line":111,"column":4},"end":{"line":111,"column":94}},"46":{"start":{"line":111,"column":45},"end":{"line":111,"column":93}},"47":{"start":{"line":113,"column":4},"end":{"line":116,"column":5}},"48":{"start":{"line":114,"column":6},"end":{"line":114,"column":37}},"49":{"start":{"line":115,"column":6},"end":{"line":115,"column":26}},"50":{"start":{"line":118,"column":4},"end":{"line":118,"column":15}},"51":{"start":{"line":121,"column":15},"end":{"line":121,"column":105}},"52":{"start":{"line":121,"column":37},"end":{"line":121,"column":105}},"53":{"start":{"line":122,"column":14},"end":{"line":128,"column":3}},"54":{"start":{"line":123,"column":4},"end":{"line":127,"column":5}},"55":{"start":{"line":124,"column":26},"end":{"line":124,"column":63}},"56":{"start":{"line":125,"column":29},"end":{"line":125,"column":80}},"57":{"start":{"line":125,"column":55},"end":{"line":125,"column":79}},"58":{"start":{"line":126,"column":15},"end":{"line":126,"column":28}},"59":{"start":{"line":130,"column":2},"end":{"line":130,"column":22}}},"fnMap":{"0":{"name":"(anonymous_0)","decl":{"start":{"line":1,"column":15},"end":{"line":1,"column":16}},"loc":{"start":{"line":1,"column":25},"end":{"line":1,"column":45}},"line":1},"1":{"name":"(anonymous_1)","decl":{"start":{"line":1,"column":25},"end":{"line":1,"column":26}},"loc":{"start":{"line":1,"column":32},"end":{"line":1,"column":45}},"line":1},"2":{"name":"(anonymous_2)","decl":{"start":{"line":4,"column":11},"end":{"line":4,"column":12}},"loc":{"start":{"line":4,"column":25},"end":{"line":4,"column":38}},"line":4},"3":{"name":"(anonymous_3)","decl":{"start":{"line":5,"column":10},"end":{"line":5,"column":11}},"loc":{"start":{"line":5,"column":24},"end":{"line":5,"column":37}},"line":5},"4":{"name":"(anonymous_4)","decl":{"start":{"line":6,"column":10},"end":{"line":6,"column":11}},"loc":{"start":{"line":6,"column":30},"end":{"line":6,"column":81}},"line":6},"5":{"name":"(anonymous_5)","decl":{"start":{"line":7,"column":11},"end":{"line":7,"column":12}},"loc":{"start":{"line":7,"column":32},"end":{"line":7,"column":87}},"line":7},"6":{"name":"(anonymous_6)","decl":{"start":{"line":8,"column":10},"end":{"line":8,"column":11}},"loc":{"start":{"line":8,"column":32},"end":{"line":8,"column":82}},"line":8},"7":{"name":"(anonymous_7)","decl":{"start":{"line":9,"column":10},"end":{"line":9,"column":11}},"loc":{"start":{"line":9,"column":18},"end":{"line":9,"column":23}},"line":9},"8":{"name":"(anonymous_8)","decl":{"start":{"line":10,"column":13},"end":{"line":10,"column":14}},"loc":{"start":{"line":10,"column":20},"end":{"line":10,"column":27}},"line":10},"9":{"name":"(anonymous_9)","decl":{"start":{"line":11,"column":13},"end":{"line":11,"column":14}},"loc":{"start":{"line":11,"column":20},"end":{"line":11,"column":27}},"line":11},"10":{"name":"(anonymous_10)","decl":{"start":{"line":14,"column":20},"end":{"line":14,"column":21}},"loc":{"start":{"line":14,"column":32},"end":{"line":27,"column":1}},"line":14},"11":{"name":"(anonymous_11)","decl":{"start":{"line":14,"column":32},"end":{"line":14,"column":33}},"loc":{"start":{"line":14,"column":51},"end":{"line":27,"column":1}},"line":14},"12":{"name":"(anonymous_12)","decl":{"start":{"line":52,"column":17},"end":{"line":52,"column":18}},"loc":{"start":{"line":52,"column":38},"end":{"line":131,"column":1}},"line":52},"13":{"name":"(anonymous_13)","decl":{"start":{"line":59,"column":46},"end":{"line":59,"column":47}},"loc":{"start":{"line":59,"column":61},"end":{"line":119,"column":3}},"line":59},"14":{"name":"(anonymous_14)","decl":{"start":{"line":75,"column":21},"end":{"line":75,"column":22}},"loc":{"start":{"line":75,"column":28},"end":{"line":91,"column":9}},"line":75},"15":{"name":"(anonymous_15)","decl":{"start":{"line":108,"column":43},"end":{"line":108,"column":44}},"loc":{"start":{"line":108,"column":59},"end":{"line":108,"column":62}},"line":108},"16":{"name":"(anonymous_16)","decl":{"start":{"line":111,"column":25},"end":{"line":111,"column":26}},"loc":{"start":{"line":111,"column":45},"end":{"line":111,"column":93}},"line":111},"17":{"name":"(anonymous_17)","decl":{"start":{"line":113,"column":28},"end":{"line":113,"column":29}},"loc":{"start":{"line":113,"column":47},"end":{"line":116,"column":5}},"line":113},"18":{"name":"(anonymous_18)","decl":{"start":{"line":121,"column":15},"end":{"line":121,"column":16}},"loc":{"start":{"line":121,"column":37},"end":{"line":121,"column":105}},"line":121},"19":{"name":"(anonymous_19)","decl":{"start":{"line":122,"column":14},"end":{"line":122,"column":15}},"loc":{"start":{"line":122,"column":36},"end":{"line":128,"column":3}},"line":122},"20":{"name":"(anonymous_20)","decl":{"start":{"line":125,"column":49},"end":{"line":125,"column":50}},"loc":{"start":{"line":125,"column":55},"end":{"line":125,"column":79}},"line":125}},"branchMap":{"0":{"loc":{"start":{"line":53,"column":2},"end":{"line":53,"column":71}},"type":"if","locations":[{"start":{"line":53,"column":2},"end":{"line":53,"column":71}},{"start":{"line":53,"column":2},"end":{"line":53,"column":71}}],"line":53},"1":{"loc":{"start":{"line":65,"column":4},"end":{"line":67,"column":5}},"type":"if","locations":[{"start":{"line":65,"column":4},"end":{"line":67,"column":5}},{"start":{"line":65,"column":4},"end":{"line":67,"column":5}}],"line":65},"2":{"loc":{"start":{"line":71,"column":4},"end":{"line":110,"column":5}},"type":"if","locations":[{"start":{"line":71,"column":4},"end":{"line":110,"column":5}},{"start":{"line":71,"column":4},"end":{"line":110,"column":5}}],"line":71},"3":{"loc":{"start":{"line":73,"column":6},"end":{"line":105,"column":7}},"type":"if","locations":[{"start":{"line":73,"column":6},"end":{"line":105,"column":7}},{"start":{"line":73,"column":6},"end":{"line":105,"column":7}}],"line":73},"4":{"loc":{"start":{"line":77,"column":10},"end":{"line":90,"column":11}},"type":"if","locations":[{"start":{"line":77,"column":10},"end":{"line":90,"column":11}},{"start":{"line":77,"column":10},"end":{"line":90,"column":11}}],"line":77},"5":{"loc":{"start":{"line":82,"column":17},"end":{"line":90,"column":11}},"type":"if","locations":[{"start":{"line":82,"column":17},"end":{"line":90,"column":11}},{"start":{"line":82,"column":17},"end":{"line":90,"column":11}}],"line":82},"6":{"loc":{"start":{"line":93,"column":8},"end":{"line":104,"column":9}},"type":"if","locations":[{"start":{"line":93,"column":8},"end":{"line":104,"column":9}},{"start":{"line":93,"column":8},"end":{"line":104,"column":9}}],"line":93},"7":{"loc":{"start":{"line":98,"column":15},"end":{"line":104,"column":9}},"type":"if","locations":[{"start":{"line":98,"column":15},"end":{"line":104,"column":9}},{"start":{"line":98,"column":15},"end":{"line":104,"column":9}}],"line":98},"8":{"loc":{"start":{"line":121,"column":16},"end":{"line":121,"column":24}},"type":"default-arg","locations":[{"start":{"line":121,"column":22},"end":{"line":121,"column":24}}],"line":121},"9":{"loc":{"start":{"line":121,"column":37},"end":{"line":121,"column":105}},"type":"cond-expr","locations":[{"start":{"line":121,"column":61},"end":{"line":121,"column":97}},{"start":{"line":121,"column":100},"end":{"line":121,"column":105}}],"line":121},"10":{"loc":{"start":{"line":122,"column":15},"end":{"line":122,"column":23}},"type":"default-arg","locations":[{"start":{"line":122,"column":21},"end":{"line":122,"column":23}}],"line":122},"11":{"loc":{"start":{"line":123,"column":4},"end":{"line":127,"column":5}},"type":"switch","locations":[{"start":{"line":124,"column":6},"end":{"line":124,"column":63}},{"start":{"line":125,"column":6},"end":{"line":125,"column":80}},{"start":{"line":126,"column":6},"end":{"line":126,"column":28}}],"line":123}},"s":{"0":1,"1":87,"2":174,"3":1,"4":1,"5":6,"6":1,"7":1,"8":1,"9":2,"10":1,"11":1,"12":1,"13":188,"14":17,"15":17,"16":17,"17":17,"18":1,"19":20,"20":1,"21":19,"22":19,"23":87,"24":87,"25":87,"26":17,"27":87,"28":87,"29":70,"30":35,"31":138,"32":120,"33":120,"34":18,"35":17,"36":1,"37":35,"38":17,"39":17,"40":18,"41":17,"42":1,"43":17,"44":1,"45":85,"46":1,"47":85,"48":1,"49":1,"50":85,"51":17,"52":70,"53":17,"54":70,"55":1,"56":1,"57":1,"58":68,"59":17},"f":{"0":87,"1":174,"2":1,"3":6,"4":1,"5":1,"6":1,"7":2,"8":1,"9":1,"10":188,"11":17,"12":20,"13":87,"14":138,"15":1,"16":1,"17":1,"18":70,"19":70,"20":1},"b":{"0":[1,19],"1":[17,70],"2":[70,17],"3":[35,35],"4":[120,18],"5":[17,1],"6":[17,18],"7":[17,1],"8":[34],"9":[19,51],"10":[34],"11":[1,1,68]},"_coverageSchema":"43e27e138ebf9cfc5966b082cf9a028302ed4184","hash":"e85ef01369932eb169d716198cddf40f98105907"}
}
