TN:
SF:/Users/samhinton/code/samhinton88/redux-juice/index.js
FN:1,(anonymous_0)
FN:1,(anonymous_1)
FN:4,(anonymous_2)
FN:5,(anonymous_3)
FN:6,(anonymous_4)
FN:7,(anonymous_5)
FN:8,(anonymous_6)
FN:9,(anonymous_7)
FN:10,(anonymous_8)
FN:11,(anonymous_9)
FN:14,(anonymous_10)
FN:14,(anonymous_11)
FN:52,(anonymous_12)
FN:59,(anonymous_13)
FN:75,(anonymous_14)
FN:108,(anonymous_15)
FN:111,(anonymous_16)
FN:113,(anonymous_17)
FN:121,(anonymous_18)
FN:122,(anonymous_19)
FN:125,(anonymous_20)
FNF:21
FNH:21
FNDA:87,(anonymous_0)
FNDA:174,(anonymous_1)
FNDA:1,(anonymous_2)
FNDA:6,(anonymous_3)
FNDA:1,(anonymous_4)
FNDA:1,(anonymous_5)
FNDA:1,(anonymous_6)
FNDA:2,(anonymous_7)
FNDA:1,(anonymous_8)
FNDA:1,(anonymous_9)
FNDA:188,(anonymous_10)
FNDA:17,(anonymous_11)
FNDA:20,(anonymous_12)
FNDA:87,(anonymous_13)
FNDA:138,(anonymous_14)
FNDA:1,(anonymous_15)
FNDA:1,(anonymous_16)
FNDA:1,(anonymous_17)
FNDA:70,(anonymous_18)
FNDA:70,(anonymous_19)
FNDA:1,(anonymous_20)
DA:1,174
DA:3,1
DA:4,1
DA:5,6
DA:6,1
DA:7,1
DA:8,1
DA:9,2
DA:10,1
DA:11,1
DA:14,188
DA:15,17
DA:17,17
DA:18,17
DA:20,17
DA:52,1
DA:53,20
DA:55,19
DA:59,19
DA:61,87
DA:63,87
DA:65,87
DA:66,17
DA:69,87
DA:71,87
DA:73,70
DA:75,35
DA:77,138
DA:78,120
DA:80,120
DA:82,18
DA:84,17
DA:88,1
DA:93,35
DA:94,17
DA:96,17
DA:98,18
DA:100,17
DA:103,1
DA:108,17
DA:111,85
DA:113,85
DA:114,1
DA:115,1
DA:118,85
DA:121,70
DA:122,17
DA:123,70
DA:124,1
DA:125,1
DA:126,68
DA:130,17
LF:52
LH:52
BRDA:53,0,0,1
BRDA:53,0,1,19
BRDA:65,1,0,17
BRDA:65,1,1,70
BRDA:71,2,0,70
BRDA:71,2,1,17
BRDA:73,3,0,35
BRDA:73,3,1,35
BRDA:77,4,0,120
BRDA:77,4,1,18
BRDA:82,5,0,17
BRDA:82,5,1,1
BRDA:93,6,0,17
BRDA:93,6,1,18
BRDA:98,7,0,17
BRDA:98,7,1,1
BRDA:121,8,0,34
BRDA:121,9,0,19
BRDA:121,9,1,51
BRDA:122,10,0,34
BRDA:123,11,0,1
BRDA:123,11,1,1
BRDA:123,11,2,68
BRF:23
BRH:23
end_of_record
